<?xml version="1.0" encoding="UTF-8"?>
<testng-results ignored="0" total="7" passed="6" failed="1" skipped="0">
  <reporter-output>
  </reporter-output>
  <suite started-at="2021-10-06T02:27:30 IST" name="Suite" finished-at="2021-10-06T02:28:19 IST" duration-ms="48538">
    <groups>
    </groups>
    <test started-at="2021-10-06T02:27:30 IST" name="Test" finished-at="2021-10-06T02:28:19 IST" duration-ms="48538">
      <class name="com.sample.testCases.TC_LoginDDT_002">
        <test-method is-config="true" signature="Setup(java.lang.String)[pri:0, instance:com.sample.testCases.TC_LoginDDT_002@483f6d77]" started-at="2021-10-06T02:27:39 IST" name="Setup" finished-at="2021-10-06T02:27:42 IST" duration-ms="3148" status="PASS">
          <params>
            <param index="0">
              <value>
                <![CDATA[Edge]]>
              </value>
            </param>
          </params>
          <reporter-output>
          </reporter-output>
        </test-method> <!-- Setup -->
        <test-method signature="loginDDT(java.lang.String,java.lang.String)[pri:0, instance:com.sample.testCases.TC_LoginDDT_002@483f6d77]" started-at="2021-10-06T02:27:43 IST" name="loginDDT" data-provider="LoginData" finished-at="2021-10-06T02:27:48 IST" duration-ms="4900" status="PASS">
          <params>
            <param index="0">
              <value>
                <![CDATA[mngr164225]]>
              </value>
            </param>
            <param index="1">
              <value>
                <![CDATA[jahetAp]]>
              </value>
            </param>
          </params>
          <reporter-output>
          </reporter-output>
        </test-method> <!-- loginDDT -->
        <test-method signature="loginDDT(java.lang.String,java.lang.String)[pri:0, instance:com.sample.testCases.TC_LoginDDT_002@483f6d77]" started-at="2021-10-06T02:27:48 IST" name="loginDDT" data-provider="LoginData" finished-at="2021-10-06T02:27:52 IST" duration-ms="4850" status="PASS">
          <params>
            <param index="0">
              <value>
                <![CDATA[mngr83460]]>
              </value>
            </param>
            <param index="1">
              <value>
                <![CDATA[qAbUzyj]]>
              </value>
            </param>
          </params>
          <reporter-output>
          </reporter-output>
        </test-method> <!-- loginDDT -->
        <test-method signature="loginDDT(java.lang.String,java.lang.String)[pri:0, instance:com.sample.testCases.TC_LoginDDT_002@483f6d77]" started-at="2021-10-06T02:27:52 IST" name="loginDDT" data-provider="LoginData" finished-at="2021-10-06T02:27:57 IST" duration-ms="5056" status="PASS">
          <params>
            <param index="0">
              <value>
                <![CDATA[mngr137319]]>
              </value>
            </param>
            <param index="1">
              <value>
                <![CDATA[bAdYvyb]]>
              </value>
            </param>
          </params>
          <reporter-output>
          </reporter-output>
        </test-method> <!-- loginDDT -->
        <test-method signature="loginDDT(java.lang.String,java.lang.String)[pri:0, instance:com.sample.testCases.TC_LoginDDT_002@483f6d77]" started-at="2021-10-06T02:27:57 IST" name="loginDDT" data-provider="LoginData" finished-at="2021-10-06T02:28:02 IST" duration-ms="4866" status="PASS">
          <params>
            <param index="0">
              <value>
                <![CDATA[mngr164225]]>
              </value>
            </param>
            <param index="1">
              <value>
                <![CDATA[jahetAp]]>
              </value>
            </param>
          </params>
          <reporter-output>
          </reporter-output>
        </test-method> <!-- loginDDT -->
        <test-method signature="loginDDT(java.lang.String,java.lang.String)[pri:0, instance:com.sample.testCases.TC_LoginDDT_002@483f6d77]" started-at="2021-10-06T02:28:02 IST" name="loginDDT" data-provider="LoginData" finished-at="2021-10-06T02:28:07 IST" duration-ms="4901" status="PASS">
          <params>
            <param index="0">
              <value>
                <![CDATA[mngr112909]]>
              </value>
            </param>
            <param index="1">
              <value>
                <![CDATA[tytUreg]]>
              </value>
            </param>
          </params>
          <reporter-output>
          </reporter-output>
        </test-method> <!-- loginDDT -->
        <test-method is-config="true" signature="tearDown()[pri:0, instance:com.sample.testCases.TC_LoginDDT_002@483f6d77]" started-at="2021-10-06T02:28:07 IST" name="tearDown" finished-at="2021-10-06T02:28:08 IST" duration-ms="686" status="PASS">
          <reporter-output>
          </reporter-output>
        </test-method> <!-- tearDown -->
      </class> <!-- com.sample.testCases.TC_LoginDDT_002 -->
      <class name="com.sample.testCases.TC_AddCustomerTest_003">
        <test-method is-config="true" signature="Setup(java.lang.String)[pri:0, instance:com.sample.testCases.TC_AddCustomerTest_003@7e5afaa6]" started-at="2021-10-06T02:28:08 IST" name="Setup" finished-at="2021-10-06T02:28:11 IST" duration-ms="3129" status="PASS">
          <params>
            <param index="0">
              <value>
                <![CDATA[Edge]]>
              </value>
            </param>
          </params>
          <reporter-output>
          </reporter-output>
        </test-method> <!-- Setup -->
        <test-method signature="addNewCustomer()[pri:0, instance:com.sample.testCases.TC_AddCustomerTest_003@7e5afaa6]" started-at="2021-10-06T02:28:11 IST" name="addNewCustomer" finished-at="2021-10-06T02:28:18 IST" duration-ms="6844" status="FAIL">
          <exception class="java.lang.AssertionError">
            <message>
              <![CDATA[null]]>
            </message>
            <full-stacktrace>
              <![CDATA[java.lang.AssertionError: null
at org.testng.Assert.fail(Assert.java:99)
at org.testng.Assert.fail(Assert.java:106)
at com.sample.testCases.TC_AddCustomerTest_003.addNewCustomer(TC_AddCustomerTest_003.java:72)
at java.base/jdk.internal.reflect.NativeMethodAccessorImpl.invoke0(Native Method)
at java.base/jdk.internal.reflect.NativeMethodAccessorImpl.invoke(NativeMethodAccessorImpl.java:62)
at java.base/jdk.internal.reflect.DelegatingMethodAccessorImpl.invoke(DelegatingMethodAccessorImpl.java:43)
at java.base/java.lang.reflect.Method.invoke(Method.java:566)
at org.testng.internal.MethodInvocationHelper.invokeMethod(MethodInvocationHelper.java:133)
at org.testng.internal.TestInvoker.invokeMethod(TestInvoker.java:598)
at org.testng.internal.TestInvoker.invokeTestMethod(TestInvoker.java:173)
at org.testng.internal.MethodRunner.runInSequence(MethodRunner.java:46)
at org.testng.internal.TestInvoker$MethodInvocationAgent.invoke(TestInvoker.java:824)
at org.testng.internal.TestInvoker.invokeTestMethods(TestInvoker.java:146)
at org.testng.internal.TestMethodWorker.invokeTestMethods(TestMethodWorker.java:146)
at org.testng.internal.TestMethodWorker.run(TestMethodWorker.java:128)
at java.base/java.util.ArrayList.forEach(ArrayList.java:1541)
at org.testng.TestRunner.privateRun(TestRunner.java:794)
at org.testng.TestRunner.run(TestRunner.java:596)
at org.testng.SuiteRunner.runTest(SuiteRunner.java:377)
at org.testng.SuiteRunner.runSequentially(SuiteRunner.java:371)
at org.testng.SuiteRunner.privateRun(SuiteRunner.java:332)
at org.testng.SuiteRunner.run(SuiteRunner.java:276)
at org.testng.SuiteRunnerWorker.runSuite(SuiteRunnerWorker.java:53)
at org.testng.SuiteRunnerWorker.run(SuiteRunnerWorker.java:96)
at org.testng.TestNG.runSuitesSequentially(TestNG.java:1212)
at org.testng.TestNG.runSuitesLocally(TestNG.java:1134)
at org.testng.TestNG.runSuites(TestNG.java:1063)
at org.testng.TestNG.run(TestNG.java:1031)
at org.apache.maven.surefire.testng.TestNGExecutor.run(TestNGExecutor.java:283)
at org.apache.maven.surefire.testng.TestNGXmlTestSuite.execute(TestNGXmlTestSuite.java:75)
at org.apache.maven.surefire.testng.TestNGProvider.invoke(TestNGProvider.java:120)
at org.apache.maven.surefire.booter.ForkedBooter.invokeProviderInSameClassLoader(ForkedBooter.java:384)
at org.apache.maven.surefire.booter.ForkedBooter.runSuitesInProcess(ForkedBooter.java:345)
at org.apache.maven.surefire.booter.ForkedBooter.execute(ForkedBooter.java:126)
at org.apache.maven.surefire.booter.ForkedBooter.main(ForkedBooter.java:418)
]]>
            </full-stacktrace>
          </exception> <!-- java.lang.AssertionError -->
          <reporter-output>
          </reporter-output>
        </test-method> <!-- addNewCustomer -->
        <test-method is-config="true" signature="tearDown()[pri:0, instance:com.sample.testCases.TC_AddCustomerTest_003@7e5afaa6]" started-at="2021-10-06T02:28:18 IST" name="tearDown" finished-at="2021-10-06T02:28:19 IST" duration-ms="776" status="PASS">
          <reporter-output>
          </reporter-output>
        </test-method> <!-- tearDown -->
      </class> <!-- com.sample.testCases.TC_AddCustomerTest_003 -->
      <class name="com.sample.testCases.TC_LoginTest_001">
        <test-method is-config="true" signature="Setup(java.lang.String)[pri:0, instance:com.sample.testCases.TC_LoginTest_001@73700b80]" started-at="2021-10-06T02:27:30 IST" name="Setup" finished-at="2021-10-06T02:27:34 IST" duration-ms="3699" status="PASS">
          <params>
            <param index="0">
              <value>
                <![CDATA[Edge]]>
              </value>
            </param>
          </params>
          <reporter-output>
          </reporter-output>
        </test-method> <!-- Setup -->
        <test-method signature="loginTest_001()[pri:0, instance:com.sample.testCases.TC_LoginTest_001@73700b80]" started-at="2021-10-06T02:27:34 IST" name="loginTest_001" finished-at="2021-10-06T02:27:38 IST" duration-ms="4138" status="PASS">
          <reporter-output>
          </reporter-output>
        </test-method> <!-- loginTest_001 -->
        <test-method is-config="true" signature="tearDown()[pri:0, instance:com.sample.testCases.TC_LoginTest_001@73700b80]" started-at="2021-10-06T02:27:38 IST" name="tearDown" finished-at="2021-10-06T02:27:39 IST" duration-ms="732" status="PASS">
          <reporter-output>
          </reporter-output>
        </test-method> <!-- tearDown -->
      </class> <!-- com.sample.testCases.TC_LoginTest_001 -->
    </test> <!-- Test -->
  </suite> <!-- Suite -->
</testng-results>
