<?xml version="1.0" encoding="UTF-8"?>
<testng-results ignored="0" total="7" passed="6" failed="1" skipped="0">
  <reporter-output>
  </reporter-output>
  <suite started-at="2021-10-05T00:50:46 IST" name="Suite" finished-at="2021-10-05T00:51:45 IST" duration-ms="59598">
    <groups>
    </groups>
    <test started-at="2021-10-05T00:50:46 IST" name="Test" finished-at="2021-10-05T00:51:45 IST" duration-ms="59598">
      <class name="com.sample.testCases.TC_LoginDDT_002">
        <test-method is-config="true" signature="Setup(java.lang.String)[pri:0, instance:com.sample.testCases.TC_LoginDDT_002@d9345cd]" started-at="2021-10-05T00:50:55 IST" name="Setup" finished-at="2021-10-05T00:50:58 IST" duration-ms="3281" status="PASS">
          <params>
            <param index="0">
              <value>
                <![CDATA[chrome]]>
              </value>
            </param>
          </params>
          <reporter-output>
          </reporter-output>
        </test-method> <!-- Setup -->
        <test-method signature="loginDDT(java.lang.String,java.lang.String)[pri:0, instance:com.sample.testCases.TC_LoginDDT_002@d9345cd]" started-at="2021-10-05T00:50:59 IST" name="loginDDT" data-provider="LoginData" finished-at="2021-10-05T00:51:04 IST" duration-ms="4841" status="PASS">
          <params>
            <param index="0">
              <value>
                <![CDATA[mngr164225]]>
              </value>
            </param>
            <param index="1">
              <value>
                <![CDATA[jahetAp]]>
              </value>
            </param>
          </params>
          <reporter-output>
          </reporter-output>
        </test-method> <!-- loginDDT -->
        <test-method signature="loginDDT(java.lang.String,java.lang.String)[pri:0, instance:com.sample.testCases.TC_LoginDDT_002@d9345cd]" started-at="2021-10-05T00:51:04 IST" name="loginDDT" data-provider="LoginData" finished-at="2021-10-05T00:51:09 IST" duration-ms="5103" status="PASS">
          <params>
            <param index="0">
              <value>
                <![CDATA[mngr83460]]>
              </value>
            </param>
            <param index="1">
              <value>
                <![CDATA[qAbUzyj]]>
              </value>
            </param>
          </params>
          <reporter-output>
          </reporter-output>
        </test-method> <!-- loginDDT -->
        <test-method signature="loginDDT(java.lang.String,java.lang.String)[pri:0, instance:com.sample.testCases.TC_LoginDDT_002@d9345cd]" started-at="2021-10-05T00:51:09 IST" name="loginDDT" data-provider="LoginData" finished-at="2021-10-05T00:51:14 IST" duration-ms="4902" status="PASS">
          <params>
            <param index="0">
              <value>
                <![CDATA[mngr137319]]>
              </value>
            </param>
            <param index="1">
              <value>
                <![CDATA[bAdYvyb]]>
              </value>
            </param>
          </params>
          <reporter-output>
          </reporter-output>
        </test-method> <!-- loginDDT -->
        <test-method signature="loginDDT(java.lang.String,java.lang.String)[pri:0, instance:com.sample.testCases.TC_LoginDDT_002@d9345cd]" started-at="2021-10-05T00:51:14 IST" name="loginDDT" data-provider="LoginData" finished-at="2021-10-05T00:51:19 IST" duration-ms="4827" status="PASS">
          <params>
            <param index="0">
              <value>
                <![CDATA[mngr164225]]>
              </value>
            </param>
            <param index="1">
              <value>
                <![CDATA[jahetAp]]>
              </value>
            </param>
          </params>
          <reporter-output>
          </reporter-output>
        </test-method> <!-- loginDDT -->
        <test-method signature="loginDDT(java.lang.String,java.lang.String)[pri:0, instance:com.sample.testCases.TC_LoginDDT_002@d9345cd]" started-at="2021-10-05T00:51:19 IST" name="loginDDT" data-provider="LoginData" finished-at="2021-10-05T00:51:23 IST" duration-ms="4816" status="PASS">
          <params>
            <param index="0">
              <value>
                <![CDATA[mngr112909]]>
              </value>
            </param>
            <param index="1">
              <value>
                <![CDATA[tytUreg]]>
              </value>
            </param>
          </params>
          <reporter-output>
          </reporter-output>
        </test-method> <!-- loginDDT -->
        <test-method is-config="true" signature="tearDown()[pri:0, instance:com.sample.testCases.TC_LoginDDT_002@d9345cd]" started-at="2021-10-05T00:51:23 IST" name="tearDown" finished-at="2021-10-05T00:51:24 IST" duration-ms="618" status="PASS">
          <reporter-output>
          </reporter-output>
        </test-method> <!-- tearDown -->
      </class> <!-- com.sample.testCases.TC_LoginDDT_002 -->
      <class name="com.sample.testCases.TC_AddCustomerTest_003">
        <test-method is-config="true" signature="Setup(java.lang.String)[pri:0, instance:com.sample.testCases.TC_AddCustomerTest_003@2d710f1a]" started-at="2021-10-05T00:51:24 IST" name="Setup" finished-at="2021-10-05T00:51:27 IST" duration-ms="3166" status="PASS">
          <params>
            <param index="0">
              <value>
                <![CDATA[chrome]]>
              </value>
            </param>
          </params>
          <reporter-output>
          </reporter-output>
        </test-method> <!-- Setup -->
        <test-method signature="addNewCustomer()[pri:0, instance:com.sample.testCases.TC_AddCustomerTest_003@2d710f1a]" started-at="2021-10-05T00:51:27 IST" name="addNewCustomer" finished-at="2021-10-05T00:51:45 IST" duration-ms="17571" status="FAIL">
          <exception class="java.lang.AssertionError">
            <message>
              <![CDATA[null]]>
            </message>
            <full-stacktrace>
              <![CDATA[java.lang.AssertionError: null
at org.testng.Assert.fail(Assert.java:99)
at org.testng.Assert.fail(Assert.java:106)
at com.sample.testCases.TC_AddCustomerTest_003.addNewCustomer(TC_AddCustomerTest_003.java:75)
at java.base/jdk.internal.reflect.NativeMethodAccessorImpl.invoke0(Native Method)
at java.base/jdk.internal.reflect.NativeMethodAccessorImpl.invoke(NativeMethodAccessorImpl.java:62)
at java.base/jdk.internal.reflect.DelegatingMethodAccessorImpl.invoke(DelegatingMethodAccessorImpl.java:43)
at java.base/java.lang.reflect.Method.invoke(Method.java:566)
at org.testng.internal.MethodInvocationHelper.invokeMethod(MethodInvocationHelper.java:133)
at org.testng.internal.TestInvoker.invokeMethod(TestInvoker.java:598)
at org.testng.internal.TestInvoker.invokeTestMethod(TestInvoker.java:173)
at org.testng.internal.MethodRunner.runInSequence(MethodRunner.java:46)
at org.testng.internal.TestInvoker$MethodInvocationAgent.invoke(TestInvoker.java:824)
at org.testng.internal.TestInvoker.invokeTestMethods(TestInvoker.java:146)
at org.testng.internal.TestMethodWorker.invokeTestMethods(TestMethodWorker.java:146)
at org.testng.internal.TestMethodWorker.run(TestMethodWorker.java:128)
at java.base/java.util.ArrayList.forEach(ArrayList.java:1541)
at org.testng.TestRunner.privateRun(TestRunner.java:794)
at org.testng.TestRunner.run(TestRunner.java:596)
at org.testng.SuiteRunner.runTest(SuiteRunner.java:377)
at org.testng.SuiteRunner.runSequentially(SuiteRunner.java:371)
at org.testng.SuiteRunner.privateRun(SuiteRunner.java:332)
at org.testng.SuiteRunner.run(SuiteRunner.java:276)
at org.testng.SuiteRunnerWorker.runSuite(SuiteRunnerWorker.java:53)
at org.testng.SuiteRunnerWorker.run(SuiteRunnerWorker.java:96)
at org.testng.TestNG.runSuitesSequentially(TestNG.java:1212)
at org.testng.TestNG.runSuitesLocally(TestNG.java:1134)
at org.testng.TestNG.runSuites(TestNG.java:1063)
at org.testng.TestNG.run(TestNG.java:1031)
at org.testng.remote.AbstractRemoteTestNG.run(AbstractRemoteTestNG.java:115)
at org.testng.remote.RemoteTestNG.initAndRun(RemoteTestNG.java:251)
at org.testng.remote.RemoteTestNG.main(RemoteTestNG.java:77)
]]>
            </full-stacktrace>
          </exception> <!-- java.lang.AssertionError -->
          <reporter-output>
          </reporter-output>
        </test-method> <!-- addNewCustomer -->
        <test-method is-config="true" signature="tearDown()[pri:0, instance:com.sample.testCases.TC_AddCustomerTest_003@2d710f1a]" started-at="2021-10-05T00:51:45 IST" name="tearDown" finished-at="2021-10-05T00:51:45 IST" duration-ms="706" status="PASS">
          <reporter-output>
          </reporter-output>
        </test-method> <!-- tearDown -->
      </class> <!-- com.sample.testCases.TC_AddCustomerTest_003 -->
      <class name="com.sample.testCases.TC_LoginTest_001">
        <test-method is-config="true" signature="Setup(java.lang.String)[pri:0, instance:com.sample.testCases.TC_LoginTest_001@1b11171f]" started-at="2021-10-05T00:50:46 IST" name="Setup" finished-at="2021-10-05T00:50:50 IST" duration-ms="4049" status="PASS">
          <params>
            <param index="0">
              <value>
                <![CDATA[chrome]]>
              </value>
            </param>
          </params>
          <reporter-output>
          </reporter-output>
        </test-method> <!-- Setup -->
        <test-method signature="loginTest_001()[pri:0, instance:com.sample.testCases.TC_LoginTest_001@1b11171f]" started-at="2021-10-05T00:50:50 IST" name="loginTest_001" finished-at="2021-10-05T00:50:54 IST" duration-ms="4309" status="PASS">
          <reporter-output>
          </reporter-output>
        </test-method> <!-- loginTest_001 -->
        <test-method is-config="true" signature="tearDown()[pri:0, instance:com.sample.testCases.TC_LoginTest_001@1b11171f]" started-at="2021-10-05T00:50:54 IST" name="tearDown" finished-at="2021-10-05T00:50:55 IST" duration-ms="598" status="PASS">
          <reporter-output>
          </reporter-output>
        </test-method> <!-- tearDown -->
      </class> <!-- com.sample.testCases.TC_LoginTest_001 -->
    </test> <!-- Test -->
  </suite> <!-- Suite -->
</testng-results>
